<?xml version="1.0" encoding="UTF-8"?>
<!-- Generated by org.testng.reporters.JUnitReportReporter -->
<testsuite hostname="Ravindra-PC" name="com.provar.test.AgileForce1" tests="2" failures="0" timestamp="30 Jun 2014 10:13:09 GMT" time="27.317" errors="0">
  <testcase name="CreateProject" time="26.428" classname="com.provar.test.AgileForce1"/>
  <testcase name="SignIn" time="0.889" classname="com.provar.test.AgileForce1"/>
</testsuite> <!-- com.provar.test.AgileForce1 -->
